#
# A fatal error has been detected by the Java Runtime Environment:
#
#  Internal Error (0xc0020001), pid=6116, tid=1672
#
# JRE version: Java(TM) SE Runtime Environment (8.0_51-b16) (build 1.8.0_51-b16)
# Java VM: Java HotSpot(TM) Client VM (25.51-b03 mixed mode windows-x86 )
# Problematic frame:
# C  [KERNELBASE.dll+0xc54f]
#
# Failed to write core dump. Minidumps are not enabled by default on client versions of Windows
#
# If you would like to submit a bug report, please visit:
#   http://bugreport.java.com/bugreport/crash.jsp
# The crash happened outside the Java Virtual Machine in native code.
# See problematic frame for where to report the bug.
#

---------------  T H R E A D  ---------------

Current thread (0x0f0d2000):  JavaThread "Thread-6" daemon [_thread_in_native, id=1672, stack(0x083b0000,0x084b0000)]

siginfo: ExceptionCode=0xc0020001, ExceptionInformation=0x8007042b 

Registers:
EAX=0x084ae40c, EBX=0x0001d4c0, ECX=0x00000001, EDX=0x00000000
ESP=0x084ae40c, EBP=0x084ae45c, ESI=0x06297400, EDI=0x0f0d2000
EIP=0x774bc54f, EFLAGS=0x00000206

Top of Stack: (sp=0x084ae40c)
0x084ae40c:   c0020001 00000001 00000000 774bc54f
0x084ae41c:   00000001 8007042b 0be98f08 084ae5a8
0x084ae42c:   0be99338 051097d3 0001d4c0 000166fc
0x084ae43c:   00006dc4 0510958b 0001d4c0 0be98ba4
0x084ae44c:   105d8328 084ae464 5247df88 5247dfaa
0x084ae45c:   084ae478 64f6e923 c0020001 00000001
0x084ae46c:   00000001 084ae474 8007042b 084ae488
0x084ae47c:   64efda24 8007042b 00006d60 084ae4a8 

Instructions: (pc=0x774bc54f)
0x774bc52f:   02 50 ff 75 14 8d 45 c4 50 e8 a5 ae 02 00 83 c4
0x774bc53f:   0c eb 03 89 45 c0 8d 45 b0 50 ff 15 5c 11 4b 77
0x774bc54f:   c9 c2 10 00 cc cc cc cc cc 8b ff 55 8b ec 56 8b
0x774bc55f:   75 08 83 fe f4 72 18 83 fe f6 77 13 8d 45 08 50 


Register to memory mapping:

EAX=0x084ae40c is pointing into the stack for thread: 0x0f0d2000
EBX=0x0001d4c0 is an unknown value
ECX=0x00000001 is an unknown value
EDX=0x00000000 is an unknown value
ESP=0x084ae40c is pointing into the stack for thread: 0x0f0d2000
EBP=0x084ae45c is pointing into the stack for thread: 0x0f0d2000
ESI=0x06297400 is an unknown value
EDI=0x0f0d2000 is a thread


Stack: [0x083b0000,0x084b0000],  sp=0x084ae40c,  free space=1017k
Native frames: (J=compiled Java code, j=interpreted, Vv=VM code, C=native code)
C  [KERNELBASE.dll+0xc54f]
C  [mscorwks.dll+0x24e923]
C  [mscorwks.dll+0x1dda24]
C  [mscorwks.dll+0x1e6d]
J 110  flash.tools.debugger.__IProgress.setProgress(II)V (0 bytes) @ 0x0be9821e [0x0be98190+0x8e]
J 202 C1 flash.tools.debugger.concrete.PlayerSessionManager.accept(Lflash/tools/debugger/concrete/ProcessListener;Lflash/tools/debugger/IProgress;)Lflash/tools/debugger/Session; (167 bytes) @ 0x0beb4770 [0x0beb44b0+0x2c0]
j  flash.tools.debugger.concrete.PlayerSessionManager.accept(Lflash/tools/debugger/IProgress;)Lflash/tools/debugger/Session;+3
v  ~StubRoutines::call_stub
C  0x52575dc5
C  0x5263b31e
C  0x52575e5e
C  0x524faf77
C  0x524fcadc
C  [mscorwks.dll+0x1d19]
C  0x001dbf5b
C  0x04fd1f7f
C  0x051091a2
C  0x05107844
C  0x0510773d
C  [System.ni.dll+0x4a184d]
C  [System.ni.dll+0x4a15ae]
C  [mscorwks.dll+0x1b4c]
